<?xml version="1.0" encoding="UTF-8"?>
<Site BuildName="(empty)"
	BuildStamp="20251110-1946-Experimental"
	Name="(empty)"
	Generator="ctest-4.1.1"
	CompilerName=""
	CompilerVersion=""
	OSName="Linux"
	Hostname="peter-rechner"
	OSRelease="6.12.48-1-MANJARO"
	OSVersion="#1 SMP PREEMPT_DYNAMIC Fri, 19 Sep 2025 16:11:04 +0000"
	OSPlatform="x86_64"
	Is64Bits="1"
	VendorString="AuthenticAMD"
	VendorID="Advanced Micro Devices"
	FamilyID="23"
	ModelID="113"
	ModelName="AMD Ryzen 5 3600 6-Core Processor"
	ProcessorCacheSize="512"
	NumberOfLogicalCPU="12"
	NumberOfPhysicalCPU="6"
	TotalVirtualMemory="0"
	TotalPhysicalMemory="15939"
	LogicalProcessorsPerPhysical="2"
	ProcessorClockFrequency="4067.83"
	>
	<Testing>
		<StartDateTime>Nov 10 20:53 CET</StartDateTime>
		<StartTestTime>1762804381</StartTestTime>
		<TestList/>
		<EndDateTime>Nov 10 20:53 CET</EndDateTime>
		<EndTestTime>1762804381</EndTestTime>
		<ElapsedMinutes>0</ElapsedMinutes>
	</Testing>
</Site>
